Phase 2: Compliance Validation
Completed: Thu Dec 18 10:10:14 PM UTC 2025
Configuration: csr-config-example-AR

Test Results:
- Total Tests: 2
- Passed: 0
- Failed: 2

Test Details:

--- simplified Invoice ---
Compliance Check Summary
Type: simplified
Completed: Thu Dec 18 10:10:02 PM UTC 2025
Status: FAILED

Error: Compliance validation failed: API request failed with status code 401

Validation Errors:


Full response saved in: simplified_compliance_result.json

--- standard Invoice ---
Compliance Check Summary
Type: standard
Completed: Thu Dec 18 10:10:14 PM UTC 2025
Status: FAILED

Error: Compliance validation failed: API request failed with status code 401

Validation Errors:


Full response saved in: standard_compliance_result.json
